1542456250249	mozrunner::runner	INFO	Running command: "/Applications/Firefox.app/Contents/MacOS/firefox-bin" "-marionette" "-foreground" "-no-remote" "-profile" "/var/folders/6n/9p0l9b8j64vccz0kvs8tm9qh0000gn/T/rust_mozprofile.GJvzAPZ5Elj1"
1542456252072	Marionette	INFO	Listening on port 50768
1542456252096	Marionette	WARN	TLS certificate errors will be ignored for this session
JavaScript warning: http://www.omdbapi.com/src/jquery-1.10.2.min.js, line 1: Using //@ to indicate sourceMappingURL pragmas is deprecated. Use //# instead
JavaScript error: http://www.omdbapi.com/src/application.js, line 16: ReferenceError: event is not defined
JavaScript error: http://www.omdbapi.com/src/application.js, line 16: ReferenceError: event is not defined
JavaScript error: http://www.omdbapi.com/src/application.js, line 16: ReferenceError: event is not defined
JavaScript error: http://www.omdbapi.com/src/application.js, line 16: ReferenceError: event is not defined
1542456257367	Marionette	INFO	Stopped listening on port 50768
1542456313548	mozrunner::runner	INFO	Running command: "/Applications/Firefox.app/Contents/MacOS/firefox-bin" "-marionette" "-foreground" "-no-remote" "-profile" "/var/folders/6n/9p0l9b8j64vccz0kvs8tm9qh0000gn/T/rust_mozprofile.2aIhPHLqBgGu"
1542456315239	Marionette	INFO	Listening on port 50830
1542456315285	Marionette	WARN	TLS certificate errors will be ignored for this session
JavaScript warning: http://www.omdbapi.com/src/jquery-1.10.2.min.js, line 1: Using //@ to indicate sourceMappingURL pragmas is deprecated. Use //# instead
JavaScript error: http://www.omdbapi.com/src/application.js, line 16: ReferenceError: event is not defined
JavaScript error: http://www.omdbapi.com/src/application.js, line 16: ReferenceError: event is not defined
JavaScript error: http://www.omdbapi.com/src/application.js, line 16: ReferenceError: event is not defined
JavaScript error: http://www.omdbapi.com/src/application.js, line 16: ReferenceError: event is not defined

###!!! [Parent][MessageChannel] Error: (msgtype=0x160011,name=PBackgroundStorage::Msg_Observe) Channel error: cannot send/recv

1542456320053	Marionette	INFO	Stopped listening on port 50830
1542456343988	mozrunner::runner	INFO	Running command: "/Applications/Firefox.app/Contents/MacOS/firefox-bin" "-marionette" "-foreground" "-no-remote" "-profile" "/var/folders/6n/9p0l9b8j64vccz0kvs8tm9qh0000gn/T/rust_mozprofile.I42mZN20A2Cu"
1542456345667	Marionette	INFO	Listening on port 50881
1542456345723	Marionette	WARN	TLS certificate errors will be ignored for this session
JavaScript warning: http://www.omdbapi.com/src/jquery-1.10.2.min.js, line 1: Using //@ to indicate sourceMappingURL pragmas is deprecated. Use //# instead
JavaScript error: http://www.omdbapi.com/src/application.js, line 16: ReferenceError: event is not defined
JavaScript error: http://www.omdbapi.com/src/application.js, line 16: ReferenceError: event is not defined
JavaScript error: http://www.omdbapi.com/src/application.js, line 16: ReferenceError: event is not defined
JavaScript error: http://www.omdbapi.com/src/application.js, line 16: ReferenceError: event is not defined
1542456350536	Marionette	INFO	Stopped listening on port 50881
1542456395713	mozrunner::runner	INFO	Running command: "/Applications/Firefox.app/Contents/MacOS/firefox-bin" "-marionette" "-foreground" "-no-remote" "-profile" "/var/folders/6n/9p0l9b8j64vccz0kvs8tm9qh0000gn/T/rust_mozprofile.mvLiMgkFXwYu"
1542456397400	Marionette	INFO	Listening on port 50932
1542456397457	Marionette	WARN	TLS certificate errors will be ignored for this session
JavaScript warning: http://www.omdbapi.com/src/jquery-1.10.2.min.js, line 1: Using //@ to indicate sourceMappingURL pragmas is deprecated. Use //# instead
JavaScript error: http://www.omdbapi.com/src/application.js, line 16: ReferenceError: event is not defined
JavaScript error: http://www.omdbapi.com/src/application.js, line 16: ReferenceError: event is not defined
JavaScript error: http://www.omdbapi.com/src/application.js, line 16: ReferenceError: event is not defined
JavaScript error: http://www.omdbapi.com/src/application.js, line 16: ReferenceError: event is not defined
1542456402241	Marionette	INFO	Stopped listening on port 50932
1542456807076	mozrunner::runner	INFO	Running command: "/Applications/Firefox.app/Contents/MacOS/firefox-bin" "-marionette" "-foreground" "-no-remote" "-profile" "/var/folders/6n/9p0l9b8j64vccz0kvs8tm9qh0000gn/T/rust_mozprofile.meMKPYHJmBQV"
1542456808727	Marionette	INFO	Listening on port 51047
1542456808813	Marionette	WARN	TLS certificate errors will be ignored for this session
JavaScript warning: http://www.omdbapi.com/src/jquery-1.10.2.min.js, line 1: Using //@ to indicate sourceMappingURL pragmas is deprecated. Use //# instead
JavaScript error: http://www.omdbapi.com/src/application.js, line 16: ReferenceError: event is not defined
JavaScript error: http://www.omdbapi.com/src/application.js, line 16: ReferenceError: event is not defined
JavaScript error: http://www.omdbapi.com/src/application.js, line 16: ReferenceError: event is not defined
JavaScript error: http://www.omdbapi.com/src/application.js, line 16: ReferenceError: event is not defined
JavaScript error: http://www.omdbapi.com/src/application.js, line 16: ReferenceError: event is not defined
JavaScript error: http://www.omdbapi.com/src/application.js, line 16: ReferenceError: event is not defined
JavaScript error: http://www.omdbapi.com/src/application.js, line 16: ReferenceError: event is not defined
JavaScript error: http://www.omdbapi.com/src/application.js, line 16: ReferenceError: event is not defined
JavaScript error: http://www.omdbapi.com/src/application.js, line 16: ReferenceError: event is not defined
JavaScript error: http://www.omdbapi.com/src/application.js, line 16: ReferenceError: event is not defined
JavaScript error: http://www.omdbapi.com/src/application.js, line 16: ReferenceError: event is not defined
1542456818935	Marionette	INFO	Stopped listening on port 51047
1542456826914	mozrunner::runner	INFO	Running command: "/Applications/Firefox.app/Contents/MacOS/firefox-bin" "-marionette" "-foreground" "-no-remote" "-profile" "/var/folders/6n/9p0l9b8j64vccz0kvs8tm9qh0000gn/T/rust_mozprofile.Qfn3oHQPHxeN"
1542456828569	Marionette	INFO	Listening on port 51097
1542456828652	Marionette	WARN	TLS certificate errors will be ignored for this session
JavaScript warning: http://www.omdbapi.com/src/jquery-1.10.2.min.js, line 1: Using //@ to indicate sourceMappingURL pragmas is deprecated. Use //# instead
JavaScript error: http://www.omdbapi.com/src/application.js, line 16: ReferenceError: event is not defined
JavaScript error: http://www.omdbapi.com/src/application.js, line 16: ReferenceError: event is not defined
JavaScript error: http://www.omdbapi.com/src/application.js, line 16: ReferenceError: event is not defined
JavaScript error: http://www.omdbapi.com/src/application.js, line 16: ReferenceError: event is not defined
JavaScript error: http://www.omdbapi.com/src/application.js, line 16: ReferenceError: event is not defined
JavaScript error: http://www.omdbapi.com/src/application.js, line 16: ReferenceError: event is not defined
JavaScript error: http://www.omdbapi.com/src/application.js, line 16: ReferenceError: event is not defined
JavaScript error: http://www.omdbapi.com/src/application.js, line 16: ReferenceError: event is not defined
JavaScript error: http://www.omdbapi.com/src/application.js, line 16: ReferenceError: event is not defined
JavaScript error: http://www.omdbapi.com/src/application.js, line 16: ReferenceError: event is not defined
JavaScript error: http://www.omdbapi.com/src/application.js, line 16: ReferenceError: event is not defined
JavaScript error: http://www.omdbapi.com/src/application.js, line 16: ReferenceError: event is not defined
1542456833435	Marionette	INFO	Stopped listening on port 51097
1542457197659	mozrunner::runner	INFO	Running command: "/Applications/Firefox.app/Contents/MacOS/firefox-bin" "-marionette" "-foreground" "-no-remote" "-profile" "/var/folders/6n/9p0l9b8j64vccz0kvs8tm9qh0000gn/T/rust_mozprofile.pyiEZnQZFoji"
1542457199310	Marionette	INFO	Listening on port 51196
1542457199403	Marionette	WARN	TLS certificate errors will be ignored for this session
JavaScript warning: http://www.omdbapi.com/src/jquery-1.10.2.min.js, line 1: Using //@ to indicate sourceMappingURL pragmas is deprecated. Use //# instead
JavaScript error: http://www.omdbapi.com/src/application.js, line 16: ReferenceError: event is not defined
JavaScript error: http://www.omdbapi.com/src/application.js, line 16: ReferenceError: event is not defined
JavaScript error: http://www.omdbapi.com/src/application.js, line 16: ReferenceError: event is not defined
JavaScript error: http://www.omdbapi.com/src/application.js, line 16: ReferenceError: event is not defined
JavaScript error: http://www.omdbapi.com/src/application.js, line 16: ReferenceError: event is not defined
JavaScript error: http://www.omdbapi.com/src/application.js, line 16: ReferenceError: event is not defined
JavaScript error: http://www.omdbapi.com/src/application.js, line 16: ReferenceError: event is not defined
JavaScript error: http://www.omdbapi.com/src/application.js, line 16: ReferenceError: event is not defined
JavaScript error: http://www.omdbapi.com/src/application.js, line 16: ReferenceError: event is not defined
JavaScript error: http://www.omdbapi.com/src/application.js, line 16: ReferenceError: event is not defined
JavaScript error: http://www.omdbapi.com/src/application.js, line 16: ReferenceError: event is not defined
JavaScript error: http://www.omdbapi.com/src/application.js, line 16: ReferenceError: event is not defined
1542457204180	Marionette	INFO	Stopped listening on port 51196
1542457261072	mozrunner::runner	INFO	Running command: "/Applications/Firefox.app/Contents/MacOS/firefox-bin" "-marionette" "-foreground" "-no-remote" "-profile" "/var/folders/6n/9p0l9b8j64vccz0kvs8tm9qh0000gn/T/rust_mozprofile.9W1BV3xXQwxM"
1542457262743	Marionette	INFO	Listening on port 51248
1542457262808	Marionette	WARN	TLS certificate errors will be ignored for this session
JavaScript warning: http://www.omdbapi.com/src/jquery-1.10.2.min.js, line 1: Using //@ to indicate sourceMappingURL pragmas is deprecated. Use //# instead
JavaScript error: http://www.omdbapi.com/src/application.js, line 16: ReferenceError: event is not defined
JavaScript error: http://www.omdbapi.com/src/application.js, line 16: ReferenceError: event is not defined
JavaScript error: http://www.omdbapi.com/src/application.js, line 16: ReferenceError: event is not defined
JavaScript error: http://www.omdbapi.com/src/application.js, line 16: ReferenceError: event is not defined
1542457267554	Marionette	INFO	Stopped listening on port 51248
1542457301356	mozrunner::runner	INFO	Running command: "/Applications/Firefox.app/Contents/MacOS/firefox-bin" "-marionette" "-foreground" "-no-remote" "-profile" "/var/folders/6n/9p0l9b8j64vccz0kvs8tm9qh0000gn/T/rust_mozprofile.LbJNds0LYGjV"
1542457302932	Marionette	INFO	Listening on port 51299
1542457302989	Marionette	WARN	TLS certificate errors will be ignored for this session
JavaScript warning: http://www.omdbapi.com/src/jquery-1.10.2.min.js, line 1: Using //@ to indicate sourceMappingURL pragmas is deprecated. Use //# instead
JavaScript error: http://www.omdbapi.com/src/application.js, line 16: ReferenceError: event is not defined
JavaScript error: http://www.omdbapi.com/src/application.js, line 16: ReferenceError: event is not defined
JavaScript error: http://www.omdbapi.com/src/application.js, line 16: ReferenceError: event is not defined
JavaScript error: http://www.omdbapi.com/src/application.js, line 16: ReferenceError: event is not defined

###!!! [Parent][MessageChannel] Error: (msgtype=0x160011,name=PBackgroundStorage::Msg_Observe) Channel error: cannot send/recv

1542457307712	Marionette	INFO	Stopped listening on port 51299
1542457362361	mozrunner::runner	INFO	Running command: "/Applications/Firefox.app/Contents/MacOS/firefox-bin" "-marionette" "-foreground" "-no-remote" "-profile" "/var/folders/6n/9p0l9b8j64vccz0kvs8tm9qh0000gn/T/rust_mozprofile.sJFRdc1tBIEA"
1542457364013	Marionette	INFO	Listening on port 51352
1542457364091	Marionette	WARN	TLS certificate errors will be ignored for this session
JavaScript warning: http://www.omdbapi.com/src/jquery-1.10.2.min.js, line 1: Using //@ to indicate sourceMappingURL pragmas is deprecated. Use //# instead
JavaScript error: http://www.omdbapi.com/src/application.js, line 16: ReferenceError: event is not defined
JavaScript error: http://www.omdbapi.com/src/application.js, line 16: ReferenceError: event is not defined
JavaScript error: http://www.omdbapi.com/src/application.js, line 16: ReferenceError: event is not defined
JavaScript error: http://www.omdbapi.com/src/application.js, line 16: ReferenceError: event is not defined
1542457368777	Marionette	INFO	Stopped listening on port 51352
1542458979149	mozrunner::runner	INFO	Running command: "/Applications/Firefox.app/Contents/MacOS/firefox-bin" "-marionette" "-foreground" "-no-remote" "-profile" "/var/folders/6n/9p0l9b8j64vccz0kvs8tm9qh0000gn/T/rust_mozprofile.0cabXzLUd6Mm"
1542458981391	Marionette	INFO	Listening on port 51707
1542458981534	Marionette	WARN	TLS certificate errors will be ignored for this session
JavaScript warning: http://www.omdbapi.com/src/jquery-1.10.2.min.js, line 1: Using //@ to indicate sourceMappingURL pragmas is deprecated. Use //# instead
JavaScript error: http://www.omdbapi.com/src/application.js, line 16: ReferenceError: event is not defined
JavaScript error: http://www.omdbapi.com/src/application.js, line 16: ReferenceError: event is not defined
JavaScript error: http://www.omdbapi.com/src/application.js, line 16: ReferenceError: event is not defined
JavaScript error: http://www.omdbapi.com/src/application.js, line 16: ReferenceError: event is not defined
[Parent 19044, Gecko_IOThread] WARNING: pipe error: Broken pipe: file /builds/worker/workspace/build/src/ipc/chromium/src/chrome/common/ipc_channel_posix.cc, line 729
1542458987143	Marionette	INFO	Stopped listening on port 51707
1542459018845	mozrunner::runner	INFO	Running command: "/Applications/Firefox.app/Contents/MacOS/firefox-bin" "-marionette" "-foreground" "-no-remote" "-profile" "/var/folders/6n/9p0l9b8j64vccz0kvs8tm9qh0000gn/T/rust_mozprofile.topCIta1ftDe"
1542459020505	Marionette	INFO	Listening on port 51762
1542459020578	Marionette	WARN	TLS certificate errors will be ignored for this session
JavaScript warning: http://www.omdbapi.com/src/jquery-1.10.2.min.js, line 1: Using //@ to indicate sourceMappingURL pragmas is deprecated. Use //# instead
JavaScript error: http://www.omdbapi.com/src/application.js, line 16: ReferenceError: event is not defined
JavaScript error: http://www.omdbapi.com/src/application.js, line 16: ReferenceError: event is not defined
JavaScript error: http://www.omdbapi.com/src/application.js, line 16: ReferenceError: event is not defined
JavaScript error: http://www.omdbapi.com/src/application.js, line 16: ReferenceError: event is not defined

###!!! [Parent][MessageChannel] Error: (msgtype=0x160011,name=PBackgroundStorage::Msg_Observe) Channel error: cannot send/recv

1542459025398	Marionette	INFO	Stopped listening on port 51762
1542459040304	mozrunner::runner	INFO	Running command: "/Applications/Firefox.app/Contents/MacOS/firefox-bin" "-marionette" "-foreground" "-no-remote" "-profile" "/var/folders/6n/9p0l9b8j64vccz0kvs8tm9qh0000gn/T/rust_mozprofile.nws2e4ZVPFBE"
1542459041984	Marionette	INFO	Listening on port 51813
1542459042033	Marionette	WARN	TLS certificate errors will be ignored for this session
JavaScript warning: http://www.omdbapi.com/src/jquery-1.10.2.min.js, line 1: Using //@ to indicate sourceMappingURL pragmas is deprecated. Use //# instead
JavaScript error: http://www.omdbapi.com/src/application.js, line 16: ReferenceError: event is not defined
JavaScript error: http://www.omdbapi.com/src/application.js, line 16: ReferenceError: event is not defined
JavaScript error: http://www.omdbapi.com/src/application.js, line 16: ReferenceError: event is not defined
JavaScript error: http://www.omdbapi.com/src/application.js, line 16: ReferenceError: event is not defined
1542459046783	Marionette	INFO	Stopped listening on port 51813
1542459075838	mozrunner::runner	INFO	Running command: "/Applications/Firefox.app/Contents/MacOS/firefox-bin" "-marionette" "-foreground" "-no-remote" "-profile" "/var/folders/6n/9p0l9b8j64vccz0kvs8tm9qh0000gn/T/rust_mozprofile.ZDeSHWSuuNBT"
1542459077526	Marionette	INFO	Listening on port 51866
1542459077572	Marionette	WARN	TLS certificate errors will be ignored for this session
JavaScript warning: http://www.omdbapi.com/src/jquery-1.10.2.min.js, line 1: Using //@ to indicate sourceMappingURL pragmas is deprecated. Use //# instead
JavaScript error: http://www.omdbapi.com/src/application.js, line 16: ReferenceError: event is not defined
JavaScript error: http://www.omdbapi.com/src/application.js, line 16: ReferenceError: event is not defined
JavaScript error: http://www.omdbapi.com/src/application.js, line 16: ReferenceError: event is not defined
JavaScript error: http://www.omdbapi.com/src/application.js, line 16: ReferenceError: event is not defined

###!!! [Parent][MessageChannel] Error: (msgtype=0x160011,name=PBackgroundStorage::Msg_Observe) Channel error: cannot send/recv

1542459082288	Marionette	INFO	Stopped listening on port 51866
1542459140635	mozrunner::runner	INFO	Running command: "/Applications/Firefox.app/Contents/MacOS/firefox-bin" "-marionette" "-foreground" "-no-remote" "-profile" "/var/folders/6n/9p0l9b8j64vccz0kvs8tm9qh0000gn/T/rust_mozprofile.qktKpU3IHfBc"
1542459142260	Marionette	INFO	Listening on port 51920
1542459142267	Marionette	WARN	TLS certificate errors will be ignored for this session
JavaScript warning: http://www.omdbapi.com/src/jquery-1.10.2.min.js, line 1: Using //@ to indicate sourceMappingURL pragmas is deprecated. Use //# instead
JavaScript error: http://www.omdbapi.com/src/application.js, line 16: ReferenceError: event is not defined
JavaScript error: http://www.omdbapi.com/src/application.js, line 16: ReferenceError: event is not defined
JavaScript error: http://www.omdbapi.com/src/application.js, line 16: ReferenceError: event is not defined
JavaScript error: http://www.omdbapi.com/src/application.js, line 16: ReferenceError: event is not defined
1542459152706	mozrunner::runner	INFO	Running command: "/Applications/Firefox.app/Contents/MacOS/firefox-bin" "-marionette" "-foreground" "-no-remote" "-profile" "/var/folders/6n/9p0l9b8j64vccz0kvs8tm9qh0000gn/T/rust_mozprofile.dnteQ924wKqS"
1542459154666	Marionette	INFO	Listening on port 51982
1542459154740	Marionette	WARN	TLS certificate errors will be ignored for this session
JavaScript warning: http://www.omdbapi.com/src/jquery-1.10.2.min.js, line 1: Using //@ to indicate sourceMappingURL pragmas is deprecated. Use //# instead
JavaScript error: http://www.omdbapi.com/src/application.js, line 16: ReferenceError: event is not defined
JavaScript error: http://www.omdbapi.com/src/application.js, line 16: ReferenceError: event is not defined
JavaScript error: http://www.omdbapi.com/src/application.js, line 16: ReferenceError: event is not defined
JavaScript error: http://www.omdbapi.com/src/application.js, line 16: ReferenceError: event is not defined
1542459160099	Marionette	INFO	Stopped listening on port 51982
1542459191128	Marionette	INFO	Stopped listening on port 51920
1542459333964	mozrunner::runner	INFO	Running command: "/Applications/Firefox.app/Contents/MacOS/firefox-bin" "-marionette" "-foreground" "-no-remote" "-profile" "/var/folders/6n/9p0l9b8j64vccz0kvs8tm9qh0000gn/T/rust_mozprofile.1djlRUgEKCe7"
1542459335878	Marionette	INFO	Listening on port 52208
1542459335908	Marionette	WARN	TLS certificate errors will be ignored for this session
JavaScript warning: http://www.omdbapi.com/src/jquery-1.10.2.min.js, line 1: Using //@ to indicate sourceMappingURL pragmas is deprecated. Use //# instead
JavaScript error: http://www.omdbapi.com/src/application.js, line 16: ReferenceError: event is not defined
JavaScript error: http://www.omdbapi.com/src/application.js, line 16: ReferenceError: event is not defined
JavaScript error: http://www.omdbapi.com/src/application.js, line 16: ReferenceError: event is not defined
JavaScript error: http://www.omdbapi.com/src/application.js, line 16: ReferenceError: event is not defined
1542459341217	Marionette	INFO	Stopped listening on port 52208
1542460486372	mozrunner::runner	INFO	Running command: "/Applications/Firefox.app/Contents/MacOS/firefox-bin" "-marionette" "-foreground" "-no-remote" "-profile" "/var/folders/6n/9p0l9b8j64vccz0kvs8tm9qh0000gn/T/rust_mozprofile.nUbceOaJCbVY"
1542460488686	Marionette	INFO	Listening on port 53674
1542460488739	Marionette	WARN	TLS certificate errors will be ignored for this session
JavaScript warning: http://www.omdbapi.com/src/jquery-1.10.2.min.js, line 1: Using //@ to indicate sourceMappingURL pragmas is deprecated. Use //# instead
JavaScript error: http://www.omdbapi.com/src/application.js, line 16: ReferenceError: event is not defined
JavaScript error: http://www.omdbapi.com/src/application.js, line 16: ReferenceError: event is not defined
JavaScript error: http://www.omdbapi.com/src/application.js, line 16: ReferenceError: event is not defined
JavaScript error: http://www.omdbapi.com/src/application.js, line 16: ReferenceError: event is not defined
1542460494158	Marionette	INFO	Stopped listening on port 53674
1542460934812	mozrunner::runner	INFO	Running command: "/Applications/Firefox.app/Contents/MacOS/firefox-bin" "-marionette" "-foreground" "-no-remote" "-profile" "/var/folders/6n/9p0l9b8j64vccz0kvs8tm9qh0000gn/T/rust_mozprofile.cyXlvAnOskI1"
1542460936658	Marionette	INFO	Listening on port 54133
1542460936745	Marionette	WARN	TLS certificate errors will be ignored for this session
JavaScript warning: http://www.omdbapi.com/src/jquery-1.10.2.min.js, line 1: Using //@ to indicate sourceMappingURL pragmas is deprecated. Use //# instead
JavaScript error: http://www.omdbapi.com/src/application.js, line 16: ReferenceError: event is not defined
JavaScript error: http://www.omdbapi.com/src/application.js, line 16: ReferenceError: event is not defined
JavaScript error: http://www.omdbapi.com/src/application.js, line 16: ReferenceError: event is not defined
JavaScript error: http://www.omdbapi.com/src/application.js, line 16: ReferenceError: event is not defined
1542460941973	Marionette	INFO	Stopped listening on port 54133
1542461152252	mozrunner::runner	INFO	Running command: "/Applications/Firefox.app/Contents/MacOS/firefox-bin" "-marionette" "-foreground" "-no-remote" "-profile" "/var/folders/6n/9p0l9b8j64vccz0kvs8tm9qh0000gn/T/rust_mozprofile.Gw0Ga8gF72Du"
1542461154504	Marionette	INFO	Listening on port 54379
1542461154592	Marionette	WARN	TLS certificate errors will be ignored for this session
JavaScript warning: http://www.omdbapi.com/src/jquery-1.10.2.min.js, line 1: Using //@ to indicate sourceMappingURL pragmas is deprecated. Use //# instead
JavaScript error: http://www.omdbapi.com/src/application.js, line 16: ReferenceError: event is not defined
JavaScript error: http://www.omdbapi.com/src/application.js, line 16: ReferenceError: event is not defined
JavaScript error: http://www.omdbapi.com/src/application.js, line 16: ReferenceError: event is not defined
JavaScript error: http://www.omdbapi.com/src/application.js, line 16: ReferenceError: event is not defined
1542461159903	Marionette	INFO	Stopped listening on port 54379
1542461726202	mozrunner::runner	INFO	Running command: "/Applications/Firefox.app/Contents/MacOS/firefox-bin" "-marionette" "-foreground" "-no-remote" "-profile" "/var/folders/6n/9p0l9b8j64vccz0kvs8tm9qh0000gn/T/rust_mozprofile.NTQOpEk1r0ap"
1542461728390	Marionette	INFO	Listening on port 54548
1542461728460	Marionette	WARN	TLS certificate errors will be ignored for this session
JavaScript warning: http://www.omdbapi.com/src/jquery-1.10.2.min.js, line 1: Using //@ to indicate sourceMappingURL pragmas is deprecated. Use //# instead
JavaScript error: http://www.omdbapi.com/src/application.js, line 16: ReferenceError: event is not defined
JavaScript error: http://www.omdbapi.com/src/application.js, line 16: ReferenceError: event is not defined
JavaScript error: http://www.omdbapi.com/src/application.js, line 16: ReferenceError: event is not defined
JavaScript error: http://www.omdbapi.com/src/application.js, line 16: ReferenceError: event is not defined
[Parent 19753, Gecko_IOThread] WARNING: pipe error: Broken pipe: file /builds/worker/workspace/build/src/ipc/chromium/src/chrome/common/ipc_channel_posix.cc, line 729
[Parent 19753, Gecko_IOThread] WARNING: pipe error: Broken pipe: file /builds/worker/workspace/build/src/ipc/chromium/src/chrome/common/ipc_channel_posix.cc, line 729
1542461733765	Marionette	INFO	Stopped listening on port 54548
1542462216641	mozrunner::runner	INFO	Running command: "/Applications/Firefox.app/Contents/MacOS/firefox-bin" "-marionette" "-foreground" "-no-remote" "-profile" "/var/folders/6n/9p0l9b8j64vccz0kvs8tm9qh0000gn/T/rust_mozprofile.2YEU8jma3Vm7"
1542462218651	Marionette	INFO	Listening on port 54650
1542462218674	Marionette	WARN	TLS certificate errors will be ignored for this session
JavaScript warning: http://www.omdbapi.com/src/jquery-1.10.2.min.js, line 1: Using //@ to indicate sourceMappingURL pragmas is deprecated. Use //# instead
JavaScript error: http://www.omdbapi.com/src/application.js, line 16: ReferenceError: event is not defined
JavaScript error: http://www.omdbapi.com/src/application.js, line 16: ReferenceError: event is not defined
JavaScript error: http://www.omdbapi.com/src/application.js, line 16: ReferenceError: event is not defined
JavaScript error: http://www.omdbapi.com/src/application.js, line 16: ReferenceError: event is not defined

###!!! [Parent][MessageChannel] Error: (msgtype=0x160011,name=PBackgroundStorage::Msg_Observe) Channel error: cannot send/recv

1542462223881	Marionette	INFO	Stopped listening on port 54650
1542462233203	mozrunner::runner	INFO	Running command: "/Applications/Firefox.app/Contents/MacOS/firefox-bin" "-marionette" "-foreground" "-no-remote" "-profile" "/var/folders/6n/9p0l9b8j64vccz0kvs8tm9qh0000gn/T/rust_mozprofile.HHvhXMcj8Xxb"
1542462234753	Marionette	INFO	Listening on port 54704
1542462234843	Marionette	WARN	TLS certificate errors will be ignored for this session
JavaScript warning: http://www.omdbapi.com/src/jquery-1.10.2.min.js, line 1: Using //@ to indicate sourceMappingURL pragmas is deprecated. Use //# instead
JavaScript error: http://www.omdbapi.com/src/application.js, line 16: ReferenceError: event is not defined
JavaScript error: http://www.omdbapi.com/src/application.js, line 16: ReferenceError: event is not defined
JavaScript error: http://www.omdbapi.com/src/application.js, line 16: ReferenceError: event is not defined
JavaScript error: http://www.omdbapi.com/src/application.js, line 16: ReferenceError: event is not defined
1542462239547	Marionette	INFO	Stopped listening on port 54704
1542462408901	mozrunner::runner	INFO	Running command: "/Applications/Firefox.app/Contents/MacOS/firefox-bin" "-marionette" "-foreground" "-no-remote" "-profile" "/var/folders/6n/9p0l9b8j64vccz0kvs8tm9qh0000gn/T/rust_mozprofile.hTX9Ja7wldHc"
1542462410510	Marionette	INFO	Listening on port 54767
1542462410549	Marionette	WARN	TLS certificate errors will be ignored for this session
JavaScript warning: http://www.omdbapi.com/src/jquery-1.10.2.min.js, line 1: Using //@ to indicate sourceMappingURL pragmas is deprecated. Use //# instead
JavaScript error: http://www.omdbapi.com/src/application.js, line 16: ReferenceError: event is not defined
JavaScript error: http://www.omdbapi.com/src/application.js, line 16: ReferenceError: event is not defined
JavaScript error: http://www.omdbapi.com/src/application.js, line 16: ReferenceError: event is not defined
JavaScript error: http://www.omdbapi.com/src/application.js, line 16: ReferenceError: event is not defined
1542462415112	Marionette	INFO	Stopped listening on port 54767
1542462622877	mozrunner::runner	INFO	Running command: "/Applications/Firefox.app/Contents/MacOS/firefox-bin" "-marionette" "-foreground" "-no-remote" "-profile" "/var/folders/6n/9p0l9b8j64vccz0kvs8tm9qh0000gn/T/rust_mozprofile.xkni1VnUL72e"
1542462624504	Marionette	INFO	Listening on port 54831
1542462624513	Marionette	WARN	TLS certificate errors will be ignored for this session
JavaScript warning: http://www.omdbapi.com/src/jquery-1.10.2.min.js, line 1: Using //@ to indicate sourceMappingURL pragmas is deprecated. Use //# instead
JavaScript error: http://www.omdbapi.com/src/application.js, line 16: ReferenceError: event is not defined
JavaScript error: http://www.omdbapi.com/src/application.js, line 16: ReferenceError: event is not defined
JavaScript error: http://www.omdbapi.com/src/application.js, line 16: ReferenceError: event is not defined
JavaScript error: http://www.omdbapi.com/src/application.js, line 16: ReferenceError: event is not defined
1542462629262	Marionette	INFO	Stopped listening on port 54831
1542462655459	mozrunner::runner	INFO	Running command: "/Applications/Firefox.app/Contents/MacOS/firefox-bin" "-marionette" "-foreground" "-no-remote" "-profile" "/var/folders/6n/9p0l9b8j64vccz0kvs8tm9qh0000gn/T/rust_mozprofile.U7iS2AeGNRJH"
1542462657115	Marionette	INFO	Listening on port 54881
1542462657205	Marionette	WARN	TLS certificate errors will be ignored for this session
JavaScript warning: http://www.omdbapi.com/src/jquery-1.10.2.min.js, line 1: Using //@ to indicate sourceMappingURL pragmas is deprecated. Use //# instead
JavaScript error: http://www.omdbapi.com/src/application.js, line 16: ReferenceError: event is not defined
JavaScript error: http://www.omdbapi.com/src/application.js, line 16: ReferenceError: event is not defined
JavaScript error: http://www.omdbapi.com/src/application.js, line 16: ReferenceError: event is not defined
JavaScript error: http://www.omdbapi.com/src/application.js, line 16: ReferenceError: event is not defined
1542462661883	Marionette	INFO	Stopped listening on port 54881
1542462702506	mozrunner::runner	INFO	Running command: "/Applications/Firefox.app/Contents/MacOS/firefox-bin" "-marionette" "-foreground" "-no-remote" "-profile" "/var/folders/6n/9p0l9b8j64vccz0kvs8tm9qh0000gn/T/rust_mozprofile.TzWqLln3aSjU"
1542462704150	Marionette	INFO	Listening on port 54936
1542462704238	Marionette	WARN	TLS certificate errors will be ignored for this session
JavaScript warning: http://www.omdbapi.com/src/jquery-1.10.2.min.js, line 1: Using //@ to indicate sourceMappingURL pragmas is deprecated. Use //# instead
JavaScript error: http://www.omdbapi.com/src/application.js, line 16: ReferenceError: event is not defined
JavaScript error: http://www.omdbapi.com/src/application.js, line 16: ReferenceError: event is not defined
JavaScript error: http://www.omdbapi.com/src/application.js, line 16: ReferenceError: event is not defined
JavaScript error: http://www.omdbapi.com/src/application.js, line 16: ReferenceError: event is not defined
1542462708935	Marionette	INFO	Stopped listening on port 54936
1542462734488	mozrunner::runner	INFO	Running command: "/Applications/Firefox.app/Contents/MacOS/firefox-bin" "-marionette" "-foreground" "-no-remote" "-profile" "/var/folders/6n/9p0l9b8j64vccz0kvs8tm9qh0000gn/T/rust_mozprofile.uIxQu47L587f"
1542462736140	Marionette	INFO	Listening on port 54988
1542462736228	Marionette	WARN	TLS certificate errors will be ignored for this session
JavaScript warning: http://www.omdbapi.com/src/jquery-1.10.2.min.js, line 1: Using //@ to indicate sourceMappingURL pragmas is deprecated. Use //# instead
JavaScript error: http://www.omdbapi.com/src/application.js, line 16: ReferenceError: event is not defined
JavaScript error: http://www.omdbapi.com/src/application.js, line 16: ReferenceError: event is not defined
JavaScript error: http://www.omdbapi.com/src/application.js, line 16: ReferenceError: event is not defined
JavaScript error: http://www.omdbapi.com/src/application.js, line 16: ReferenceError: event is not defined
1542462740946	Marionette	INFO	Stopped listening on port 54988
1542462776583	mozrunner::runner	INFO	Running command: "/Applications/Firefox.app/Contents/MacOS/firefox-bin" "-marionette" "-foreground" "-no-remote" "-profile" "/var/folders/6n/9p0l9b8j64vccz0kvs8tm9qh0000gn/T/rust_mozprofile.dZW1UR4fcx1s"
1542462778204	Marionette	INFO	Listening on port 55041
1542462778219	Marionette	WARN	TLS certificate errors will be ignored for this session
JavaScript warning: http://www.omdbapi.com/src/jquery-1.10.2.min.js, line 1: Using //@ to indicate sourceMappingURL pragmas is deprecated. Use //# instead
JavaScript error: http://www.omdbapi.com/src/application.js, line 16: ReferenceError: event is not defined
JavaScript error: http://www.omdbapi.com/src/application.js, line 16: ReferenceError: event is not defined
JavaScript error: http://www.omdbapi.com/src/application.js, line 16: ReferenceError: event is not defined
JavaScript error: http://www.omdbapi.com/src/application.js, line 16: ReferenceError: event is not defined

###!!! [Parent][MessageChannel] Error: (msgtype=0x160011,name=PBackgroundStorage::Msg_Observe) Channel error: cannot send/recv

1542462782945	Marionette	INFO	Stopped listening on port 55041
1542463070001	mozrunner::runner	INFO	Running command: "/Applications/Firefox.app/Contents/MacOS/firefox-bin" "-marionette" "-foreground" "-no-remote" "-profile" "/var/folders/6n/9p0l9b8j64vccz0kvs8tm9qh0000gn/T/rust_mozprofile.r36pwZMmZbtE"
1542463071680	Marionette	INFO	Listening on port 55136
1542463071742	Marionette	WARN	TLS certificate errors will be ignored for this session
JavaScript warning: http://www.omdbapi.com/src/jquery-1.10.2.min.js, line 1: Using //@ to indicate sourceMappingURL pragmas is deprecated. Use //# instead
JavaScript error: http://www.omdbapi.com/src/application.js, line 16: ReferenceError: event is not defined
JavaScript error: http://www.omdbapi.com/src/application.js, line 16: ReferenceError: event is not defined
JavaScript error: http://www.omdbapi.com/src/application.js, line 16: ReferenceError: event is not defined
JavaScript error: http://www.omdbapi.com/src/application.js, line 16: ReferenceError: event is not defined
1542463076856	Marionette	INFO	Stopped listening on port 55136
1542463093714	mozrunner::runner	INFO	Running command: "/Applications/Firefox.app/Contents/MacOS/firefox-bin" "-marionette" "-foreground" "-no-remote" "-profile" "/var/folders/6n/9p0l9b8j64vccz0kvs8tm9qh0000gn/T/rust_mozprofile.S076ioyVyYyB"
1542463095335	Marionette	INFO	Listening on port 55185
1542463095341	Marionette	WARN	TLS certificate errors will be ignored for this session
JavaScript warning: http://www.omdbapi.com/src/jquery-1.10.2.min.js, line 1: Using //@ to indicate sourceMappingURL pragmas is deprecated. Use //# instead
JavaScript error: http://www.omdbapi.com/src/application.js, line 16: ReferenceError: event is not defined
JavaScript error: http://www.omdbapi.com/src/application.js, line 16: ReferenceError: event is not defined
JavaScript error: http://www.omdbapi.com/src/application.js, line 16: ReferenceError: event is not defined
JavaScript error: http://www.omdbapi.com/src/application.js, line 16: ReferenceError: event is not defined
1542463100071	Marionette	INFO	Stopped listening on port 55185
1542463302996	mozrunner::runner	INFO	Running command: "/Applications/Firefox.app/Contents/MacOS/firefox-bin" "-marionette" "-foreground" "-no-remote" "-profile" "/var/folders/6n/9p0l9b8j64vccz0kvs8tm9qh0000gn/T/rust_mozprofile.EmPDfSqjs41l"
1542463304973	Marionette	INFO	Listening on port 55265
1542463305042	Marionette	WARN	TLS certificate errors will be ignored for this session
JavaScript warning: http://www.omdbapi.com/src/jquery-1.10.2.min.js, line 1: Using //@ to indicate sourceMappingURL pragmas is deprecated. Use //# instead
JavaScript error: http://www.omdbapi.com/src/application.js, line 16: ReferenceError: event is not defined
JavaScript error: http://www.omdbapi.com/src/application.js, line 16: ReferenceError: event is not defined
JavaScript error: http://www.omdbapi.com/src/application.js, line 16: ReferenceError: event is not defined
JavaScript error: http://www.omdbapi.com/src/application.js, line 16: ReferenceError: event is not defined
1542463310132	Marionette	INFO	Stopped listening on port 55265
1542463362546	mozrunner::runner	INFO	Running command: "/Applications/Firefox.app/Contents/MacOS/firefox-bin" "-marionette" "-foreground" "-no-remote" "-profile" "/var/folders/6n/9p0l9b8j64vccz0kvs8tm9qh0000gn/T/rust_mozprofile.bmz4vLr1bjek"
1542463364131	Marionette	INFO	Listening on port 55318
1542463364191	Marionette	WARN	TLS certificate errors will be ignored for this session
JavaScript warning: http://www.omdbapi.com/src/jquery-1.10.2.min.js, line 1: Using //@ to indicate sourceMappingURL pragmas is deprecated. Use //# instead
JavaScript error: http://www.omdbapi.com/src/application.js, line 16: ReferenceError: event is not defined
JavaScript error: http://www.omdbapi.com/src/application.js, line 16: ReferenceError: event is not defined
JavaScript error: http://www.omdbapi.com/src/application.js, line 16: ReferenceError: event is not defined
JavaScript error: http://www.omdbapi.com/src/application.js, line 16: ReferenceError: event is not defined
1542463368853	Marionette	INFO	Stopped listening on port 55318
1542463397689	mozrunner::runner	INFO	Running command: "/Applications/Firefox.app/Contents/MacOS/firefox-bin" "-marionette" "-foreground" "-no-remote" "-profile" "/var/folders/6n/9p0l9b8j64vccz0kvs8tm9qh0000gn/T/rust_mozprofile.DoSh7JAHWTDm"
1542463399339	Marionette	INFO	Listening on port 55370
1542463399430	Marionette	WARN	TLS certificate errors will be ignored for this session
JavaScript warning: http://www.omdbapi.com/src/jquery-1.10.2.min.js, line 1: Using //@ to indicate sourceMappingURL pragmas is deprecated. Use //# instead
JavaScript error: http://www.omdbapi.com/src/application.js, line 16: ReferenceError: event is not defined
JavaScript error: http://www.omdbapi.com/src/application.js, line 16: ReferenceError: event is not defined
JavaScript error: http://www.omdbapi.com/src/application.js, line 16: ReferenceError: event is not defined
JavaScript error: http://www.omdbapi.com/src/application.js, line 16: ReferenceError: event is not defined
1542463404138	Marionette	INFO	Stopped listening on port 55370
1542463425423	mozrunner::runner	INFO	Running command: "/Applications/Firefox.app/Contents/MacOS/firefox-bin" "-marionette" "-foreground" "-no-remote" "-profile" "/var/folders/6n/9p0l9b8j64vccz0kvs8tm9qh0000gn/T/rust_mozprofile.rg5ND3CiXnnL"
1542463427133	Marionette	INFO	Listening on port 55421
1542463427164	Marionette	WARN	TLS certificate errors will be ignored for this session
JavaScript warning: http://www.omdbapi.com/src/jquery-1.10.2.min.js, line 1: Using //@ to indicate sourceMappingURL pragmas is deprecated. Use //# instead
JavaScript error: http://www.omdbapi.com/src/application.js, line 16: ReferenceError: event is not defined
JavaScript error: http://www.omdbapi.com/src/application.js, line 16: ReferenceError: event is not defined
JavaScript error: http://www.omdbapi.com/src/application.js, line 16: ReferenceError: event is not defined
JavaScript error: http://www.omdbapi.com/src/application.js, line 16: ReferenceError: event is not defined
1542463438059	Marionette	INFO	Stopped listening on port 55421
1542463564604	mozrunner::runner	INFO	Running command: "/Applications/Firefox.app/Contents/MacOS/firefox-bin" "-marionette" "-foreground" "-no-remote" "-profile" "/var/folders/6n/9p0l9b8j64vccz0kvs8tm9qh0000gn/T/rust_mozprofile.KFgBnO3gouNc"
1542463566177	Marionette	INFO	Listening on port 55474
1542463566251	Marionette	WARN	TLS certificate errors will be ignored for this session
JavaScript warning: http://www.omdbapi.com/src/jquery-1.10.2.min.js, line 1: Using //@ to indicate sourceMappingURL pragmas is deprecated. Use //# instead
JavaScript error: http://www.omdbapi.com/src/application.js, line 16: ReferenceError: event is not defined
JavaScript error: http://www.omdbapi.com/src/application.js, line 16: ReferenceError: event is not defined
JavaScript error: http://www.omdbapi.com/src/application.js, line 16: ReferenceError: event is not defined
JavaScript error: http://www.omdbapi.com/src/application.js, line 16: ReferenceError: event is not defined
1542463571011	Marionette	INFO	Stopped listening on port 55474
1542464388538	mozrunner::runner	INFO	Running command: "/Applications/Firefox.app/Contents/MacOS/firefox-bin" "-marionette" "-foreground" "-no-remote" "-profile" "/var/folders/6n/9p0l9b8j64vccz0kvs8tm9qh0000gn/T/rust_mozprofile.JJdbAflerqdh"
1542464390265	Marionette	INFO	Listening on port 55624
1542464390272	Marionette	WARN	TLS certificate errors will be ignored for this session
JavaScript warning: http://www.omdbapi.com/src/jquery-1.10.2.min.js, line 1: Using //@ to indicate sourceMappingURL pragmas is deprecated. Use //# instead
JavaScript error: http://www.omdbapi.com/src/application.js, line 16: ReferenceError: event is not defined
JavaScript error: http://www.omdbapi.com/src/application.js, line 16: ReferenceError: event is not defined
JavaScript error: http://www.omdbapi.com/src/application.js, line 16: ReferenceError: event is not defined
JavaScript error: http://www.omdbapi.com/src/application.js, line 16: ReferenceError: event is not defined
1542464395385	Marionette	INFO	Stopped listening on port 55624
1542465660675	mozrunner::runner	INFO	Running command: "/Applications/Firefox.app/Contents/MacOS/firefox-bin" "-marionette" "-foreground" "-no-remote" "-profile" "/var/folders/6n/9p0l9b8j64vccz0kvs8tm9qh0000gn/T/rust_mozprofile.Ynw0b6NtPjTy"
1542465662868	Marionette	INFO	Listening on port 55746
1542465662923	Marionette	WARN	TLS certificate errors will be ignored for this session
JavaScript warning: http://www.omdbapi.com/src/jquery-1.10.2.min.js, line 1: Using //@ to indicate sourceMappingURL pragmas is deprecated. Use //# instead
JavaScript error: http://www.omdbapi.com/src/application.js, line 16: ReferenceError: event is not defined
JavaScript error: http://www.omdbapi.com/src/application.js, line 16: ReferenceError: event is not defined
JavaScript error: http://www.omdbapi.com/src/application.js, line 16: ReferenceError: event is not defined
JavaScript error: http://www.omdbapi.com/src/application.js, line 16: ReferenceError: event is not defined
1542465667829	Marionette	INFO	Stopped listening on port 55746
1542465688738	mozrunner::runner	INFO	Running command: "/Applications/Firefox.app/Contents/MacOS/firefox-bin" "-marionette" "-foreground" "-no-remote" "-profile" "/var/folders/6n/9p0l9b8j64vccz0kvs8tm9qh0000gn/T/rust_mozprofile.gSa0YnWK37jb"
1542465690402	Marionette	INFO	Listening on port 55802
1542465690468	Marionette	WARN	TLS certificate errors will be ignored for this session
JavaScript warning: http://www.omdbapi.com/src/jquery-1.10.2.min.js, line 1: Using //@ to indicate sourceMappingURL pragmas is deprecated. Use //# instead
JavaScript error: http://www.omdbapi.com/src/application.js, line 16: ReferenceError: event is not defined
JavaScript error: http://www.omdbapi.com/src/application.js, line 16: ReferenceError: event is not defined
JavaScript error: http://www.omdbapi.com/src/application.js, line 16: ReferenceError: event is not defined
JavaScript error: http://www.omdbapi.com/src/application.js, line 16: ReferenceError: event is not defined

###!!! [Parent][MessageChannel] Error: (msgtype=0x160011,name=PBackgroundStorage::Msg_Observe) Channel error: cannot send/recv

[Parent 20488, Gecko_IOThread] WARNING: pipe error: Broken pipe: file /builds/worker/workspace/build/src/ipc/chromium/src/chrome/common/ipc_channel_posix.cc, line 729
1542465695257	Marionette	INFO	Stopped listening on port 55802
1542467026647	mozrunner::runner	INFO	Running command: "/Applications/Firefox.app/Contents/MacOS/firefox-bin" "-marionette" "-foreground" "-no-remote" "-profile" "/var/folders/6n/9p0l9b8j64vccz0kvs8tm9qh0000gn/T/rust_mozprofile.rHCOWgiB8fjx"
1542467028668	Marionette	INFO	Listening on port 56053
1542467028700	Marionette	WARN	TLS certificate errors will be ignored for this session
JavaScript warning: http://www.omdbapi.com/src/jquery-1.10.2.min.js, line 1: Using //@ to indicate sourceMappingURL pragmas is deprecated. Use //# instead
JavaScript error: http://www.omdbapi.com/src/application.js, line 16: ReferenceError: event is not defined
JavaScript error: http://www.omdbapi.com/src/application.js, line 16: ReferenceError: event is not defined
JavaScript error: http://www.omdbapi.com/src/application.js, line 16: ReferenceError: event is not defined
JavaScript error: http://www.omdbapi.com/src/application.js, line 16: ReferenceError: event is not defined
1542467033895	Marionette	INFO	Stopped listening on port 56053
1542467154334	mozrunner::runner	INFO	Running command: "/Applications/Firefox.app/Contents/MacOS/firefox-bin" "-marionette" "-foreground" "-no-remote" "-profile" "/var/folders/6n/9p0l9b8j64vccz0kvs8tm9qh0000gn/T/rust_mozprofile.uTESrx2mJ3HD"
1542467155952	Marionette	INFO	Listening on port 56113
1542467155980	Marionette	WARN	TLS certificate errors will be ignored for this session
JavaScript warning: http://www.omdbapi.com/src/jquery-1.10.2.min.js, line 1: Using //@ to indicate sourceMappingURL pragmas is deprecated. Use //# instead
JavaScript error: http://www.omdbapi.com/src/application.js, line 16: ReferenceError: event is not defined
JavaScript error: http://www.omdbapi.com/src/application.js, line 16: ReferenceError: event is not defined
JavaScript error: http://www.omdbapi.com/src/application.js, line 16: ReferenceError: event is not defined
JavaScript error: http://www.omdbapi.com/src/application.js, line 16: ReferenceError: event is not defined
1542467160724	Marionette	INFO	Stopped listening on port 56113
1542467169646	mozrunner::runner	INFO	Running command: "/Applications/Firefox.app/Contents/MacOS/firefox-bin" "-marionette" "-foreground" "-no-remote" "-profile" "/var/folders/6n/9p0l9b8j64vccz0kvs8tm9qh0000gn/T/rust_mozprofile.pjTBUxPml6NG"
1542467171311	Marionette	INFO	Listening on port 56162
1542467171378	Marionette	WARN	TLS certificate errors will be ignored for this session
JavaScript warning: http://www.omdbapi.com/src/jquery-1.10.2.min.js, line 1: Using //@ to indicate sourceMappingURL pragmas is deprecated. Use //# instead
JavaScript error: http://www.omdbapi.com/src/application.js, line 16: ReferenceError: event is not defined
JavaScript error: http://www.omdbapi.com/src/application.js, line 16: ReferenceError: event is not defined
JavaScript error: http://www.omdbapi.com/src/application.js, line 16: ReferenceError: event is not defined
JavaScript error: http://www.omdbapi.com/src/application.js, line 16: ReferenceError: event is not defined
1542467188342	mozrunner::runner	INFO	Running command: "/Applications/Firefox.app/Contents/MacOS/firefox-bin" "-marionette" "-foreground" "-no-remote" "-profile" "/var/folders/6n/9p0l9b8j64vccz0kvs8tm9qh0000gn/T/rust_mozprofile.ajfpqaxmfzWn"
1542467190002	Marionette	INFO	Listening on port 56213
1542467190075	Marionette	WARN	TLS certificate errors will be ignored for this session
JavaScript warning: http://www.omdbapi.com/src/jquery-1.10.2.min.js, line 1: Using //@ to indicate sourceMappingURL pragmas is deprecated. Use //# instead
JavaScript error: http://www.omdbapi.com/src/application.js, line 16: ReferenceError: event is not defined
JavaScript error: http://www.omdbapi.com/src/application.js, line 16: ReferenceError: event is not defined
JavaScript error: http://www.omdbapi.com/src/application.js, line 16: ReferenceError: event is not defined
JavaScript error: http://www.omdbapi.com/src/application.js, line 16: ReferenceError: event is not defined
[Parent 20878, Gecko_IOThread] WARNING: pipe error: Broken pipe: file /builds/worker/workspace/build/src/ipc/chromium/src/chrome/common/ipc_channel_posix.cc, line 729
1542467194924	Marionette	INFO	Stopped listening on port 56213
1542467200045	mozrunner::runner	INFO	Running command: "/Applications/Firefox.app/Contents/MacOS/firefox-bin" "-marionette" "-foreground" "-no-remote" "-profile" "/var/folders/6n/9p0l9b8j64vccz0kvs8tm9qh0000gn/T/rust_mozprofile.IHGbcFRDOouu"
1542467201692	Marionette	INFO	Listening on port 56263
1542467201767	Marionette	WARN	TLS certificate errors will be ignored for this session
JavaScript warning: http://www.omdbapi.com/src/jquery-1.10.2.min.js, line 1: Using //@ to indicate sourceMappingURL pragmas is deprecated. Use //# instead
JavaScript error: http://www.omdbapi.com/src/application.js, line 16: ReferenceError: event is not defined
JavaScript error: http://www.omdbapi.com/src/application.js, line 16: ReferenceError: event is not defined
JavaScript error: http://www.omdbapi.com/src/application.js, line 16: ReferenceError: event is not defined
JavaScript error: http://www.omdbapi.com/src/application.js, line 16: ReferenceError: event is not defined
1542467206429	Marionette	INFO	Stopped listening on port 56263
1543337732614	mozrunner::runner	INFO	Running command: "/Applications/Firefox.app/Contents/MacOS/firefox-bin" "-marionette" "-foreground" "-no-remote" "-profile" "/var/folders/6n/9p0l9b8j64vccz0kvs8tm9qh0000gn/T/rust_mozprofile.2dlMMixqcj5Q"
1543337734400	Marionette	INFO	Listening on port 50897
1543337734482	Marionette	WARN	TLS certificate errors will be ignored for this session
JavaScript warning: http://www.omdbapi.com/src/jquery-1.10.2.min.js, line 1: Using //@ to indicate sourceMappingURL pragmas is deprecated. Use //# instead
JavaScript error: http://www.omdbapi.com/src/application.js, line 16: ReferenceError: event is not defined
JavaScript error: http://www.omdbapi.com/src/application.js, line 16: ReferenceError: event is not defined
JavaScript error: http://www.omdbapi.com/src/application.js, line 16: ReferenceError: event is not defined
JavaScript error: http://www.omdbapi.com/src/application.js, line 16: ReferenceError: event is not defined
1543337744029	mozrunner::runner	INFO	Running command: "/Applications/Firefox.app/Contents/MacOS/firefox-bin" "-marionette" "-foreground" "-no-remote" "-profile" "/var/folders/6n/9p0l9b8j64vccz0kvs8tm9qh0000gn/T/rust_mozprofile.pt4EtXEFhAax"
1543337745698	Marionette	INFO	Listening on port 50950
1543337745775	Marionette	WARN	TLS certificate errors will be ignored for this session
JavaScript warning: http://www.omdbapi.com/src/jquery-1.10.2.min.js, line 1: Using //@ to indicate sourceMappingURL pragmas is deprecated. Use //# instead
JavaScript error: http://www.omdbapi.com/src/application.js, line 16: ReferenceError: event is not defined
JavaScript error: http://www.omdbapi.com/src/application.js, line 16: ReferenceError: event is not defined
JavaScript error: http://www.omdbapi.com/src/application.js, line 16: ReferenceError: event is not defined
JavaScript error: http://www.omdbapi.com/src/application.js, line 16: ReferenceError: event is not defined
1543337781009	mozrunner::runner	INFO	Running command: "/Applications/Firefox.app/Contents/MacOS/firefox-bin" "-marionette" "-foreground" "-no-remote" "-profile" "/var/folders/6n/9p0l9b8j64vccz0kvs8tm9qh0000gn/T/rust_mozprofile.EbYqdbk9jCUk"
1543337782658	Marionette	INFO	Listening on port 51003
1543337782748	Marionette	WARN	TLS certificate errors will be ignored for this session

###!!! [Parent][MessageChannel] Error: (msgtype=0x160011,name=PBackgroundStorage::Msg_Observe) Channel error: cannot send/recv

1543337786929	Marionette	INFO	Stopped listening on port 51003
1543337797976	mozrunner::runner	INFO	Running command: "/Applications/Firefox.app/Contents/MacOS/firefox-bin" "-marionette" "-foreground" "-no-remote" "-profile" "/var/folders/6n/9p0l9b8j64vccz0kvs8tm9qh0000gn/T/rust_mozprofile.7Pz9ASPuYLKD"
1543337799597	Marionette	INFO	Listening on port 51046
1543337799624	Marionette	WARN	TLS certificate errors will be ignored for this session

###!!! [Parent][MessageChannel] Error: (msgtype=0x160011,name=PBackgroundStorage::Msg_Observe) Channel error: cannot send/recv

1543337803729	Marionette	INFO	Stopped listening on port 51046
console.error: BroadcastService: 
  receivedBroadcastMessage: handler for
  remote-settings/monitor_changes
  threw error:
  Message: Error: Polling for changes failed: NetworkError when attempting to fetch resource..
  Stack:
    remoteSettingsFunction/remoteSettings.pollChanges@resource://services-settings/remote-settings.js:721:13

console.error: BroadcastService: 
  receivedBroadcastMessage: handler for
  remote-settings/monitor_changes
  threw error:
  Message: Error: Polling for changes failed: NetworkError when attempting to fetch resource..
  Stack:
    remoteSettingsFunction/remoteSettings.pollChanges@resource://services-settings/remote-settings.js:721:13

1543338586547	Marionette	INFO	Stopped listening on port 50897
1543338587865	Marionette	INFO	Stopped listening on port 50950
